{
  "stats": {
    "suites": 1,
    "tests": 2,
    "passes": 2,
    "pending": 0,
    "failures": 0,
    "start": "2023-04-12T07:34:09.573Z",
    "end": "2023-04-12T07:34:10.879Z",
    "duration": 1306,
    "testsRegistered": 2,
    "passPercent": 100,
    "pendingPercent": 0,
    "other": 0,
    "hasOther": false,
    "skipped": 0,
    "hasSkipped": false
  },
  "results": [
    {
      "uuid": "2ad5567f-0c06-4f9b-9198-424968322909",
      "title": "",
      "fullFile": "D:\\github\\Javascript-Automation-Practice\\test\\api\\chaiAssertExample.js",
      "file": "\\test\\api\\chaiAssertExample.js",
      "beforeHooks": [],
      "afterHooks": [],
      "tests": [],
      "suites": [
        {
          "uuid": "8d1ada8d-c841-40b6-943a-822d0e5918b3",
          "title": "Chai Example",
          "fullFile": "D:\\github\\Javascript-Automation-Practice\\test\\api\\chaiAssertExample.js",
          "file": "\\test\\api\\chaiAssertExample.js",
          "beforeHooks": [],
          "afterHooks": [],
          "tests": [
            {
              "title": "response status equal to 200",
              "fullTitle": "Chai Example response status equal to 200",
              "timedOut": false,
              "duration": 1281,
              "state": "passed",
              "speed": "slow",
              "pass": true,
              "fail": false,
              "pending": false,
              "context": null,
              "code": "expect((await response).status).to.equal(200)",
              "err": {},
              "uuid": "97a82ba8-9ae2-4c95-b13f-74d0ac3df8f7",
              "parentUUID": "8d1ada8d-c841-40b6-943a-822d0e5918b3",
              "isHook": false,
              "skipped": false
            },
            {
              "title": "response body to haveOwnProperty",
              "fullTitle": "Chai Example response body to haveOwnProperty",
              "timedOut": false,
              "duration": 3,
              "state": "passed",
              "speed": "fast",
              "pass": true,
              "fail": false,
              "pending": false,
              "context": null,
              "code": "expect((await response).body).to.haveOwnProperty('message')",
              "err": {},
              "uuid": "d72cb304-96da-4f11-8cd0-41e274d73697",
              "parentUUID": "8d1ada8d-c841-40b6-943a-822d0e5918b3",
              "isHook": false,
              "skipped": false
            }
          ],
          "suites": [],
          "passes": [
            "97a82ba8-9ae2-4c95-b13f-74d0ac3df8f7",
            "d72cb304-96da-4f11-8cd0-41e274d73697"
          ],
          "failures": [],
          "pending": [],
          "skipped": [],
          "duration": 1284,
          "root": false,
          "rootEmpty": false,
          "_timeout": 2000
        }
      ],
      "passes": [],
      "failures": [],
      "pending": [],
      "skipped": [],
      "duration": 0,
      "root": true,
      "rootEmpty": true,
      "_timeout": 2000
    }
  ],
  "meta": {
    "mocha": {
      "version": "10.2.0"
    },
    "mochawesome": {
      "options": {
        "quiet": false,
        "reportFilename": "mochawesome",
        "saveHtml": true,
        "saveJson": true,
        "consoleReporter": "spec",
        "useInlineDiffs": false,
        "code": true
      },
      "version": "7.1.3"
    },
    "marge": {
      "options": null,
      "version": "6.2.0"
    }
  }
}